C51 COMPILER V9.00   POW                                                                   04/15/2016 14:03:32 PAGE 1   


C51 COMPILER V9.00, COMPILATION OF MODULE POW
OBJECT MODULE PLACED IN pow.OBJ
COMPILER INVOKED BY: E:\°²×°³ÌÐò\kill\C51\BIN\C51.EXE pow.c BROWSE DEBUG OBJECTEXTEND

line level    source

   1          #include<stc12c5a.h>
   2          #define uint unsigned int
   3          #define uchar unsigned char
   4          
   5          sbit ms = P1^0;
   6          sbit mr = P1^1;
   7          sbit mn = P1^2;
   8          
   9          void delayms (uint i)
  10          {       uint j,k;
  11   1              for (j = 0; j<i; j++)
  12   1                      for (k = 0; k<120;k++);
  13   1      }
  14          
  15          void pow()
  16          {
  17   1              ms=1;
  18   1              mr=0;
  19   1              mn=1;
  20   1      delayms(1);     
  21   1      }
  22          
  23          void pows()
  24          {
  25   1              ms=0;
  26   1              mr=0;
  27   1              mn=0;
  28   1              delayms(1);     
  29   1      }


MODULE INFORMATION:   STATIC OVERLAYABLE
   CODE SIZE        =     58    ----
   CONSTANT SIZE    =   ----    ----
   XDATA SIZE       =   ----    ----
   PDATA SIZE       =   ----    ----
   DATA SIZE        =   ----    ----
   IDATA SIZE       =   ----    ----
   BIT SIZE         =   ----    ----
END OF MODULE INFORMATION.


C51 COMPILATION COMPLETE.  0 WARNING(S),  0 ERROR(S)
