C51 COMPILER V9.00   _隹聿_量                                                              02/08/2016 19:59:41 PAGE 1   


C51 COMPILER V9.00, COMPILATION OF MODULE _隹聿_量
OBJECT MODULE PLACED IN 脉宽测量.OBJ
COMPILER INVOKED BY: F:\单片机\清翔电子 QX-MCS51资料盘\5.程序编译软件\C51\BIN\C51.EXE 脉宽测量.c BROWSE DEBUG OBJECTEXTE
                    -ND

line level    source

   1          /*********************************************************************************************************
             -**/
   2          //hc-sr04 超声波测距模块 DEMO 程序
   3          //晶振：11。0592
   4          //程序    QQ： 517535000
   5          //taobao店铺：http://shop58246706.taobao.com
   6          //接线：模块TRIG接 P0.2  ECH0 接P0.1
   7          //数码管：共阳数码管P1接数据口,P2.5 P2.4 P2.3接选通数码管
   8          /*********************************************************************************************************
             -**/            
   9                               #include <AT89x51.H>               //器件配置文件
  10                                   #include <intrins.h>
  11                                   #define  RX  P1_1
  12                                   #define  TX  P1_2
  13                                   unsigned int  time=0;
  14                                   unsigned int  timer=0;
  15                                   unsigned char posit=0;
  16                                   sbit du = P2^6;
  17                                   sbit we = P2^7;
  18                                   unsigned long S=0;
  19                                   bit      flag =0;                                                       //
  20                                   unsigned char const discode[] ={ 0x3f,0x06,0x5b,0x4f,0x66,0x6d,0x7d,0x07,0x7f,0x6f,0x40,0x7c,0x39,0x5e
             -,0x79,0x71/*-*/};   //段选
  21                                   unsigned char const positon[3]={ 0xf7,0xef,0xdf};                 //位选
  22                                   unsigned char disbuff[4]          ={ 0,0,0,0,};
  23          /********************************************************/
  24              void Display(void)                           //扫描数码管
  25                  {
  26   1               if(posit==0)
  27   1               { du = 1;
  28   2               P0=(discode[disbuff[posit]])&0x7f;
  29   2               du = 0;  }
  30   1               else
  31   1               {
  32   2               du = 1;
  33   2               P0=discode[disbuff[posit]];
  34   2               du = 0;}
  35   1      
  36   1                we = 1;
  37   1                P0=positon[posit];
  38   1                we = 0;
  39   1      
  40   1                if(++posit>=3)
  41   1                posit=0;
  42   1              }
  43          /********************************************************/
  44              void Conut(void)
  45                  {
  46   1               time=TH0*256+TL0;
  47   1               TH0=0;
  48   1               TL0=0;
  49   1              
  50   1               S=(time*1.7)/100;     //算出来是CM
  51   1               if((S>=700)||flag==1) //超出测量范围显示“-”
C51 COMPILER V9.00   _隹聿_量                                                              02/08/2016 19:59:41 PAGE 2   

  52   1               {       
  53   2                flag=0;
  54   2                disbuff[0]=10;           //“-”
  55   2                disbuff[1]=10;           //“-”
  56   2                disbuff[2]=10;           //“-”
  57   2               }
  58   1               else
  59   1               {
  60   2                disbuff[0]=S%1000/100;
  61   2                disbuff[1]=S%1000%100/10;
  62   2                disbuff[2]=S%1000%10 %10;
  63   2               }
  64   1              }
  65          /********************************************************/
  66               void zd0() interrupt 1              //T0中断用来计数器溢出,超过测距范围
  67            {
  68   1          flag=1;                                                      //中断溢出标志
  69   1        }
  70          /********************************************************/
  71             void  zd3()  interrupt 3              //T1中断用来扫描数码管和计800MS启动模块
  72            {
  73   1               TH1=0xf8;
  74   1               TL1=0x30;
  75   1               Display();
  76   1               timer++;
  77   1               if(timer>=80)
  78   1               {
  79   2                timer=0;
  80   2                TX=1;                                 //800MS  启动一次模块
  81   2                _nop_(); 
  82   2                _nop_(); 
  83   2                _nop_(); 
  84   2                _nop_(); 
  85   2                _nop_(); 
  86   2                _nop_(); 
  87   2                _nop_(); 
  88   2                _nop_(); 
  89   2                _nop_(); 
  90   2                _nop_(); 
  91   2                _nop_(); 
  92   2                _nop_(); 
  93   2                _nop_(); 
  94   2                _nop_(); 
  95   2                _nop_(); 
  96   2                _nop_(); 
  97   2                _nop_();
  98   2                _nop_(); 
  99   2                _nop_(); 
 100   2                _nop_(); 
 101   2                _nop_();
 102   2                TX=0;
 103   2               } 
 104   1        }
 105          /*********************************************************/
 106          
 107                  void  main(  void  )
 108          
 109            {  
 110   1          TMOD=0x11;             //设T0 T1为方式1，GATE=1；  mode1 16位内部计时器
 111   1              TH0=0;
 112   1              TL0=0;          
 113   1              TH1=0xf8;                  //2MS定时
C51 COMPILER V9.00   _隹聿_量                                                              02/08/2016 19:59:41 PAGE 3   

 114   1              TL1=0x30;
 115   1              ET0=1;             //允许T0中断
 116   1              ET1=1;                     //允许T1中断
 117   1              TR1=1;                     //开启定时器
 118   1              EA=1;                      //开启总中断
 119   1      
 120   1              while(1)
 121   1              {
 122   2               while(!RX);            //当RX为零时等待
 123   2               TR0=1;                     //开启计数
 124   2               while(RX);                     //当RX为1计数并等待
 125   2               TR0=0;                         //关闭计数
 126   2           Conut();                   //计算
 127   2              }
 128   1      
 129   1        }
 130                          


MODULE INFORMATION:   STATIC OVERLAYABLE
   CODE SIZE        =    418    ----
   CONSTANT SIZE    =   ----    ----
   XDATA SIZE       =   ----    ----
   PDATA SIZE       =   ----    ----
   DATA SIZE        =     32    ----
   IDATA SIZE       =   ----    ----
   BIT SIZE         =      1    ----
END OF MODULE INFORMATION.


C51 COMPILATION COMPLETE.  0 WARNING(S),  0 ERROR(S)
