C51 COMPILER V9.00   001                                                                   02/01/2016 17:45:35 PAGE 1   


C51 COMPILER V9.00, COMPILATION OF MODULE 001
OBJECT MODULE PLACED IN 001.OBJ
COMPILER INVOKED BY: F:\单片机\清翔电子 QX-MCS51资料盘\5.程序编译软件\C51\BIN\C51.EXE 001.c BROWSE DEBUG OBJECTEXTEND

line level    source

   1          #include <reg52.h>
   2          #define uchar unsigned char
   3          #define uint  unsigned int
   4          sbit led = P3^2;
   5          
   6          void delay(uint z)
   7          {
   8   1              uint x,y;
   9   1              for(x = z; x > 0; x--)
  10   1                      for(y = 114; y > 0 ; y--);
  11   1      }
  12          
  13          
  14          uchar KeyScan() //带返回值的子函数
  15          {
  16   1              uchar cord_l,cord_h;//声明列线和行线的值的储存变量
  17   1              P2 = 0x0f;//0000 1111
  18   1              if( (P2 & 0x0f) != 0x0f)//判断是否有按键按下
  19   1              {
  20   2                      delay(5);//软件消抖
  21   2                      if( (P2 & 0x0f) != 0x0f)//判断是否有按键按下
  22   2                      {
  23   3                                cord_h = P2 & 0x0f;// 储存行线值
  24   3                                P2 = cord_l | 0xf0;
  25   3                                cord_l = P2 & 0xf0;// 储存列线值
  26   3                                while( (P2 & 0xf0) != 0xf0 );//松手检测
  27   3                                return (cord_l + cord_h);//返回键值码
  28   3                      }       
  29   2              }
  30   1              return (cord_l + cord_h);//返回键值码   
  31   1      }
  32          
  33          void KeyPro()
  34          {
  35   1              switch( KeyScan() )
  36   1              {
  37   2                      //第一行键值码   //1是灭 0是亮            //行*列
  38   2                      case 0xee: led = 1 ;            break;     //1*1
  39   2                      case 0xde: led = 0 ;            break;     //1*2
  40   2                      case 0xbe: led = 0 ;            break;     //1*3
  41   2      
  42   2                      
  43   2                      //第二行键值码
  44   2                      case 0xed: led = 1 ;            break;    //2*1
  45   2                      case 0xdd: led = 0 ;            break;    //2*2
  46   2                      case 0xbd: led = 0 ;            break;    //2*3
  47   2      
  48   2      
  49   2                      //第三行键值码
  50   2                      case 0xeb: led = 1 ;            break;     //3*1
  51   2                      case 0xdb: led = 1 ;            break;     //3*2
  52   2                      case 0xbb: led = 0 ;            break;     //3*3
  53   2      
  54   2      
  55   2              }       
C51 COMPILER V9.00   001                                                                   02/01/2016 17:45:35 PAGE 2   

  56   1      }
  57          
  58          void main()
  59          {
  60   1              
  61   1      
  62   1      
  63   1      
  64   1      
  65   1      
  66   1              while(1)
  67   1              {
  68   2                      
  69   2                      KeyPro();//提取键值码并且送不同数值给数码管显示
  70   2              }
  71   1      }


MODULE INFORMATION:   STATIC OVERLAYABLE
   CODE SIZE        =    146    ----
   CONSTANT SIZE    =   ----    ----
   XDATA SIZE       =   ----    ----
   PDATA SIZE       =   ----    ----
   DATA SIZE        =   ----    ----
   IDATA SIZE       =   ----    ----
   BIT SIZE         =   ----    ----
END OF MODULE INFORMATION.


C51 COMPILATION COMPLETE.  0 WARNING(S),  0 ERROR(S)
