C51 COMPILER V9.00   CAR                                                                   04/15/2016 13:01:18 PAGE 1   


C51 COMPILER V9.00, COMPILATION OF MODULE CAR
OBJECT MODULE PLACED IN car.OBJ
COMPILER INVOKED BY: F:\单片机\清翔电子 QX-MCS51资料盘\5.程序编译软件\C51\BIN\C51.EXE car.c BROWSE DEBUG OBJECTEXTEND

line level    source

   1          #include<stc12c5a.h>  
   2          #include"car.h" 
   3          #include <pwm.h>
   4          #define uchar unsigned char
   5          #define uint  unsigned int
   6          unsigned long num1;
   7          
   8                   //左轮
   9          
  10          
  11          void car(unsigned long x,unsigned long y)
  12          {       
  13   1              uchar xin;
  14   1              
  15   1              if ((x>90&&x<150)&&(y>100&&y<140))  // 停
  16   1                      { 
  17   2                                      pwm(255,255);
  18   2                              rig=1;
  19   2                              lif=1;
  20   2                              rig0=1;
  21   2                              lif0=1;
  22   2                      }
  23   1                      
  24   1                      else  if (x<90 && (y>80&&y<160))  // 左
  25   1                                      {
  26   2                                             if(x>20)
  27   2                                                 {
  28   3                                                              pwm(20,20);
  29   3                                                              rig=0;
  30   3                                                              lif=1;
  31   3                                                              rig0=1;
  32   3                                                              lif0=1;
  33   3                                                      }
  34   2                                                      else
  35   2                                                      {       pwm(35,35);
  36   3                                                              rig=0;
  37   3                                                              lif=1;
  38   3                                                              rig0=1;
  39   3                                                              lif0=0;
  40   3                                                      }       
  41   2                                      }
  42   1                            else  if(x>150 && (y>80&&y<160)) // 右
  43   1                                              {
  44   2                                                      if(x<230)
  45   2                                                      {
  46   3                                                          pwm(20,20);
  47   3                                                              rig=1;
  48   3                                                              lif=1;
  49   3                                                              rig0=0;
  50   3                                                              lif0=1;
  51   3                                                      }
  52   2                                                      else
  53   2                                                      {
  54   3                                                              pwm(35,35);
  55   3                                                              rig=1;
C51 COMPILER V9.00   CAR                                                                   04/15/2016 13:01:18 PAGE 2   

  56   3                                                              lif=0;
  57   3                                                              rig0=0;
  58   3                                                              lif0=1;
  59   3                                                      }
  60   2                      
  61   2                                              }
  62   1                                   else  if(y<100)              //前
  63   1                                                      {       
  64   2      
  65   2                                                              if(y<6)
  66   2                                                              {
  67   3                                                              rig=0;
  68   3                                                                      lif=1;
  69   3                                                                      rig0=0;
  70   3                                                                      lif0=1;
  71   3                                                                      pwm(0,15);                      //you,zuo
  72   3                                                              }
  73   2                                                              else
  74   2                                                              {
  75   3                                                                      rig=0;
  76   3                                                                      lif=1;
  77   3                                                                      rig0=0;
  78   3                                                                      lif0=1;
  79   3                                                                  num1=y;             
  80   3                                                                      xin=num1+5;
  81   3                                                                      pwm(xin,xin);
  82   3                                                              }
  83   2                                                                       
  84   2                                                      }
  85   1                                                 else                     // 后
  86   1                                                 {    if(y>250)
  87   2                                                              {
  88   3                                                                      rig=1;
  89   3                                                                      lif=0;
  90   3                                                                      rig0=1;
  91   3                                                                      lif0=0;
  92   3                                                                      rig=1;
  93   3                                                                      pwm(0,0);       
  94   3                                                              }
  95   2                                                              else
  96   2                                                              {
  97   3                                                                  rig=1;
  98   3                                                                      lif=0;
  99   3                                                                      rig0=1;
 100   3                                                                      lif0=0;
 101   3                                                                      rig=1;
 102   3                                               
 103   3                                                                      num1=145-(y-145);
 104   3                                                                      xin=num1+5;
 105   3                                                                      pwm(xin,xin);
 106   3                                                              }
 107   2                                                      } 
 108   1      }


MODULE INFORMATION:   STATIC OVERLAYABLE
   CODE SIZE        =    443    ----
   CONSTANT SIZE    =   ----    ----
   XDATA SIZE       =   ----    ----
   PDATA SIZE       =   ----    ----
   DATA SIZE        =      4       9
   IDATA SIZE       =   ----    ----
C51 COMPILER V9.00   CAR                                                                   04/15/2016 13:01:18 PAGE 3   

   BIT SIZE         =   ----    ----
END OF MODULE INFORMATION.


C51 COMPILATION COMPLETE.  0 WARNING(S),  0 ERROR(S)
