C51 COMPILER V9.00   DUOJI                                                                 04/10/2016 17:02:29 PAGE 1   


C51 COMPILER V9.00, COMPILATION OF MODULE DUOJI
OBJECT MODULE PLACED IN duoji.OBJ
COMPILER INVOKED BY: F:\单片机\清翔电子 QX-MCS51资料盘\5.程序编译软件\C51\BIN\C51.EXE duoji.c BROWSE DEBUG OBJECTEXTEND

line level    source

   1          #include <stc12c5a.h>
   2          #include "duoji.h"
   3          #define uchar unsigned char 
   4          #define uint unsigned int 
   5          uchar m;
   6           uchar count;      //0.5ms次数标识
   7                   //PWM信号输出
   8          
   9          
  10           unsigned char jd;         //角度标识
  11           void delay1(unsigned int i)//延时
  12           {
  13   1                 unsigned int j,k;
  14   1                 for(j=i;j>0;j--)
  15   1                   for(k=5500;k>0;k--);
  16   1       }
  17           void Time0_Init()          //定时器初始化
  18           {
  19   1               TR1=0;         
  20   1      //       IE   = 0x82;
  21   1               TH1  = 0Xfe;
  22   1               TL1  = 0X30;     //11.0592MZ晶振，0.5ms
  23   1           TR1=1;                 //定时器开始
  24   1       }
  25          // void Time0_Int() interrupt 1 //中断程序
  26          // {
  27          //       TH1  = 0xfe;             //重新赋值
  28          //       TL1  = 0x30;
  29          //     if(count< jd)              //判断0.5ms次数是否小于角度标识
  30          //       pwm=1;                  //确实小于，PWM输出高电平
  31          //     else
  32          //       pwm=0;                  //大于则输出低电平
  33          //     count=(count+1);          //0.5ms次数加1
  34          //     count=count%40;     //次数始终保持为40 即保持周期为20ms
  35          // }
  36          
  37           void douji1(uint x,uchar m)
  38           {
  39   1               Time0_Init(); 
  40   1      
  41   1                       jd=m; count=0;
  42   1                       delay1(x);     
  43   1      
  44   1       }
  45            void douji2(uint x,uchar m)
  46           {
  47   1               Time0_Init(); 
  48   1      
  49   1                       jd=m; count=0;
  50   1                       delay1(x);     
  51   1      
  52   1       }


MODULE INFORMATION:   STATIC OVERLAYABLE
C51 COMPILER V9.00   DUOJI                                                                 04/10/2016 17:02:29 PAGE 2   

   CODE SIZE        =     63    ----
   CONSTANT SIZE    =   ----    ----
   XDATA SIZE       =   ----    ----
   PDATA SIZE       =   ----    ----
   DATA SIZE        =      3    ----
   IDATA SIZE       =   ----    ----
   BIT SIZE         =   ----    ----
END OF MODULE INFORMATION.


C51 COMPILATION COMPLETE.  0 WARNING(S),  0 ERROR(S)
