C51 COMPILER V9.00   PWM                                                                   02/13/2016 20:29:13 PAGE 1   


C51 COMPILER V9.00, COMPILATION OF MODULE PWM
OBJECT MODULE PLACED IN pwm.OBJ
COMPILER INVOKED BY: F:\单片机\清翔电子 QX-MCS51资料盘\5.程序编译软件\C51\BIN\C51.EXE pwm.c BROWSE DEBUG OBJECTEXTEND

line level    source

   1          #include <stc12c5a.h>
   2          #include <pwm.h>
   3          
   4          void pwm(unsigned char x,unsigned char y)
   5          {
   6   1          CCON = 0;                       //Initial PCA control register
   7   1                                         
   8   1                                         
   9   1          CL = 0;                         //Reset PCA base timer
  10   1          CH = 0;
  11   1          CMOD = 0x02;                    //Set PCA timer clock source as Fosc/2
  12   1                                          //Disable PCA timer overflow interrupt
  13   1          CCAP0H = CCAP0L = x;         //PWM0 port output 50% duty cycle square wave
  14   1          CCAPM0 = 0x42;                  //PCA module-0 work in 8-bit PWM mode and no PCA interrupt
  15   1      
  16   1          CCAP1H = CCAP1L = y;         //PWM1 port output 0% duty cycle square wave
  17   1      //    PCA_PWM1 = 0x03;
  18   1          CCAPM1 = 0x42;                  //PCA module-1 work in 8-bit PWM mode and no PCA interrupt
  19   1      
  20   1          CR = 1;                         //PCA timer start run
  21   1      
  22   1         
  23   1      }


MODULE INFORMATION:   STATIC OVERLAYABLE
   CODE SIZE        =     29    ----
   CONSTANT SIZE    =   ----    ----
   XDATA SIZE       =   ----    ----
   PDATA SIZE       =   ----    ----
   DATA SIZE        =   ----    ----
   IDATA SIZE       =   ----    ----
   BIT SIZE         =   ----    ----
END OF MODULE INFORMATION.


C51 COMPILATION COMPLETE.  0 WARNING(S),  0 ERROR(S)
