C51 COMPILER V9.00   SHENGBO                                                               04/12/2016 19:53:35 PAGE 1   


C51 COMPILER V9.00, COMPILATION OF MODULE SHENGBO
OBJECT MODULE PLACED IN shengbo.OBJ
COMPILER INVOKED BY: F:\单片机\清翔电子 QX-MCS51资料盘\5.程序编译软件\C51\BIN\C51.EXE shengbo.c BROWSE DEBUG OBJECTEXTEN
                    -D

line level    source

   1          #include <stc12c5a.h>
   2          #include <shengbo.h>
   3          #include <intrins.h>
   4          #include <zhuan.h>
   5          //#include"nrf24l01receive.h"
   6          #define uchar unsigned char
   7          #define uint unsigned int
   8           void Conut(uchar i)
   9                  {
  10   1               if (i == 1)
  11   1               {
  12   2               time=TH0*256+TL0;
  13   2               TH0=0;
  14   2               TL0=0;
  15   2               S1=(time*1.7)/100;}
  16   1               if (i == 2)
  17   1               {
  18   2               time=TH0*256+TL0;
  19   2               TH0=0;
  20   2               TL0=0;
  21   2               S2=(time*1.7)/100;}
  22   1               if (i == 3)
  23   1               {
  24   2               time=TH0*256+TL0;
  25   2               TH0=0;
  26   2               TL0=0;
  27   2               S3=(time*1.7)/100;}     
  28   1              }
  29          
  30                  void txbo (uchar i)
  31           {      
  32   1                if (i == 1)
  33   1                {TX1=1;                                      
  34   2                _nop_();_nop_(); _nop_(); _nop_();
  35   2                _nop_();_nop_(); _nop_(); _nop_();
  36   2                _nop_();_nop_(); _nop_(); _nop_();
  37   2                _nop_();_nop_(); _nop_(); _nop_();
  38   2                _nop_();_nop_(); _nop_();_nop_();_nop_();
  39   2                TX1=0;
  40   2                }
  41   1                if (i == 2)
  42   1                {TX2=1;                                       
  43   2                _nop_();_nop_(); _nop_(); _nop_();
  44   2                _nop_();_nop_(); _nop_(); _nop_();
  45   2                _nop_();_nop_(); _nop_(); _nop_();
  46   2                _nop_();_nop_(); _nop_(); _nop_();
  47   2                _nop_();_nop_(); _nop_();_nop_();_nop_();
  48   2                TX2=0;
  49   2                }
  50   1                if (i == 3)
  51   1                {TX3=1;                                      
  52   2                _nop_();_nop_(); _nop_(); _nop_();
  53   2                _nop_();_nop_(); _nop_(); _nop_();
  54   2                _nop_();_nop_(); _nop_(); _nop_();
C51 COMPILER V9.00   SHENGBO                                                               04/12/2016 19:53:35 PAGE 2   

  55   2                _nop_();_nop_(); _nop_(); _nop_();
  56   2                _nop_();_nop_(); _nop_();_nop_();_nop_();
  57   2                TX3=0;
  58   2                }
  59   1       } 
  60          
  61           void cebo ()
  62           {      unsigned long k=100000,l=100000;
  63   1              while(!RX1&&k--);               //当RX为零时等待
  64   1               TR0=1;                     //开启计数
  65   1               while(RX1&&l--);                       //当RX为1计数并等待
  66   1               TR0=0; k=100000;l=100000;                      //关闭计数
  67   1               Conut(1);
  68   1               while(!RX2&&k--);              //当RX为零时等待
  69   1               TR0=1;                     //开启计数
  70   1               while(RX2&&l--);                       //当RX为1计数并等待
  71   1               TR0=0;         k=100000;l=100000;                      //关闭计数
  72   1               Conut(2);
  73   1      
  74   1               
  75   1               while(!RX3&&k--);              //当RX为零时等待
  76   1               TR0=1;                     //开启计数
  77   1               while(RX3&&l--);                       //当RX为1计数并等待
  78   1               TR0=0;         k=30000;l=30000;                                //关闭计数
  79   1               Conut(3);                              //计算
  80   1       } 
  81          
  82           void zhongduan()
  83           {                
  84   1                       timer++; 
  85   1                       if(timer>=16)
  86   1                       { 
  87   2                        timer=0;
  88   2                        
  89   2                         
  90   2                       }
  91   1               if(timer == 5)
  92   1               {
  93   2                      txbo (1);
  94   2               }
  95   1               if(timer == 10)
  96   1               {
  97   2                      txbo (2);
  98   2               }
  99   1               if(timer == 15)
 100   1               {
 101   2                      txbo (3);
 102   2               }
 103   1              
 104   1       }
 105          
 106           void chao ()
 107           {      uchar k;
 108   1              while(1)                        //S3 右超声波    S2左超声波
 109   1              { 
 110   2                cebo ();
 111   2                move ();                                                                                              //前进
 112   2      //        if (xun1 == 0||xun2 == 0 )  {houzhuan();         }
 113   2      //        else
 114   2      //        {
 115   2                        if (S1<=23&&S2>30&&S3<30) {zuozhuan();}         //2                                   //左右转
 116   2                        if (S1<23&&S2<30&&S3>30)      {youzhuan();}     //3                                   //左右转
C51 COMPILER V9.00   SHENGBO                                                               04/12/2016 19:53:35 PAGE 3   

 117   2                        if (S1<23&&S2>20&&S3>20)                                                                                      //左右转
 118   2                        {     if (S2>S3)youzhuan();                                                                                   //左右转
 119   3                              if (S2<S3)zuozhuan();                                                                                   //左右转
 120   3                        }
 121   2                        
 122   2                        if(S1>30&&S2>30&&S3<20)       zuo();                                                                  //小左右转
 123   2                        if(S1>30&&S2<20&&S3>30)       you();                                                                  //小左右转
 124   2      //        } 
 125   2                       k++; 
 126   2                       if(flame1==0||flame2==0||flame3==0)
 127   2                       {      o = 0;
 128   3                               while (!o){    if (flame1==0&&flame2==0&&flame3==0)       ting();
 129   4                                                if (flame1==0&&flame3==0)                                     ting();
 130   4                                                if(flame1==1&&flame2==0&&flame3==1)      qian();
 131   4                                                if(flame1==0&&flame2==1&&flame3==1)     zuozuo();
 132   4                                                if(flame1==1&&flame2==1&&flame3==0)     youyou();
 133   4                                                if(n1 == 2&&n2 == 2){ xiaoqian();     n1=0;n2=0;              }
 134   4                                                 }
 135   3                      }
 136   2                if (k == 5){k=0; move ();break;}
 137   2      
 138   2      
 139   2          }
 140   1       }


MODULE INFORMATION:   STATIC OVERLAYABLE
   CODE SIZE        =    872    ----
   CONSTANT SIZE    =   ----    ----
   XDATA SIZE       =   ----    ----
   PDATA SIZE       =   ----    ----
   DATA SIZE        =   ----      10
   IDATA SIZE       =   ----    ----
   BIT SIZE         =   ----    ----
END OF MODULE INFORMATION.


C51 COMPILATION COMPLETE.  0 WARNING(S),  0 ERROR(S)
