C51 COMPILER V9.00   DUJI                                                                  02/04/2016 18:45:12 PAGE 1   


C51 COMPILER V9.00, COMPILATION OF MODULE DUJI
OBJECT MODULE PLACED IN duji.OBJ
COMPILER INVOKED BY: F:\单片机\清翔电子 QX-MCS51资料盘\5.程序编译软件\C51\BIN\C51.EXE duji.c BROWSE DEBUG OBJECTEXTEND

line level    source

   1          #include <stc12c5a.h>
   2          #include "duoji.h"
   3          #define uchar unsigned char 
   4          #define uint unsigned int 
   5          
   6          void main()
   7          {       while (1)
   8   1              {
   9   2              douji(130,2,4);
  10   2              }
  11   1                      
  12   1      
  13   1      }


MODULE INFORMATION:   STATIC OVERLAYABLE
   CODE SIZE        =     13    ----
   CONSTANT SIZE    =   ----    ----
   XDATA SIZE       =   ----    ----
   PDATA SIZE       =   ----    ----
   DATA SIZE        =   ----    ----
   IDATA SIZE       =   ----    ----
   BIT SIZE         =   ----    ----
END OF MODULE INFORMATION.


C51 COMPILATION COMPLETE.  0 WARNING(S),  0 ERROR(S)
