C51 COMPILER V9.00   LCD_1602_液晶显示屏                                                   04/15/2016 19:03:42 PAGE 1   


C51 COMPILER V9.00, COMPILATION OF MODULE LCD_1602_液晶显示屏
OBJECT MODULE PLACED IN LCD 1602 液晶显示屏.OBJ
COMPILER INVOKED BY: F:\单片机\清翔电子 QX-MCS51资料盘\5.程序编译软件\C51\BIN\C51.EXE LCD 1602 液晶显示屏.c BROWSE DEBUG
                    - OBJECTEXTEND

line level    source

   1          #include<reg52.h>
   2          #include "intrins.h"
   3          #define uchar unsigned char
   4          #define uint unsigned int
   5          sbit lcden=P3^4;        //1602
   6          sbit rs=P3^5;           //1602
   7          sbit rw=P3^6;           //1602
   8          uchar j,k;
   9          uchar ch = 0;  
  10          uchar t = 0;
  11          uint PWM_T = 0;                       
  12          uchar num,num1;
  13          
  14          uchar a0,b0,c0;
  15                   //电机
  16          sbit en=P3^7;            
  17          sbit rig=P3^3;           //电机
  18          sbit lif=P3^2;           //电机
  19          
  20          /*声明寄存器 */
  21          sfr ADC_CONTR   =   0xBC;           //ADC control register
  22          sfr ADC_RES     =   0xBD;           //ADC hight 8-bit result register
  23          sfr ADC_LOW2    =   0xBE;           //ADC low 2-bit result register
  24          sfr P1ASF       =   0x9D;           //P1 secondary function control register
  25           
  26          /*配置 ADC_CONTR 寄存器 */
  27          #define ADC_POWER   0x80            //ADC power control bit
  28          #define ADC_FLAG    0x10            //ADC complete flag
  29          #define ADC_START   0x08            //ADC start control bit
  30          #define ADC_SPEEDLL 0x00            //420 clocks
  31          #define ADC_SPEEDL  0x20            //280 clocks
  32          #define ADC_SPEEDH  0x40            //140 clocks
  33          #define ADC_SPEEDHH 0x60            //70 clocks
  34                  
  35          //uchar table1[]= num;
  36          uchar table2[]="  Thank you  ";
  37          void delay(uint x)
  38          {
  39   1              uint a,b;
  40   1              for(a=x;a>0;a--)
  41   1                      for(b=10;b>0;b--); 
  42   1      }
  43          void delay1(uchar i)
  44          {
  45   1              for(j=i;j>0;j--)
  46   1              for(k=125;k>0;k--);
  47   1      }
  48          
  49          void write_com(uchar com)
  50          {
  51   1              P0=com;
  52   1              rs=0;
  53   1              lcden=0;
  54   1              delay(10);
C51 COMPILER V9.00   LCD_1602_液晶显示屏                                                   04/15/2016 19:03:42 PAGE 2   

  55   1              lcden=1;
  56   1              delay(10);
  57   1              lcden=0;
  58   1              
  59   1      }
  60          
  61          void write_date(uchar date)
  62          {
  63   1              P0=date;
  64   1              rs=1;
  65   1              lcden=0;
  66   1              delay(10);
  67   1              lcden=1;
  68   1              delay(10);
  69   1              lcden=0;
  70   1              
  71   1      }
  72          
  73          void lcdinit()
  74          {
  75   1            rw=0;
  76   1              write_com(0x38);   //显示模式设置：16×2显示，5×7点阵，8位数据接口
  77   1              delay(20);
  78   1              write_com(0x0f);   //显示模式设置
  79   1              delay(20);
  80   1              write_com(0x06);   //显示模式设置：光标右移，字符不移
  81   1              delay(20);
  82   1              write_com(0x01);   //清屏幕指令，将以前的显示内容清除
  83   1              delay(20);
  84   1              
  85   1              TMOD = 0x02;   //定时器0，工作模式2，8位定时模式
  86   1              TH0=255;     //写入预置初值（取值1-255，数越大PWM频率越高）
  87   1              TL0=255;     //写入预置值 （取值1-255，数越大PWM频率越高）
  88   1              TR0=1;       //启动定时器
  89   1              ET0=1;       //允许定时器0中断
  90   1              EA=1;        //允许总中断
  91   1      
  92   1               P1ASF = 0x01;   //     InitADC();            
  93   1          ADC_RES = 0;                
  94   1          ADC_CONTR = ADC_POWER | ADC_SPEEDLL | ADC_START | ch;
  95   1          delay1(2);   
  96   1              
  97   1      }
  98          
  99          void main()
 100          {
 101   1              uchar a;
 102   1              lcdinit();
 103   1              IE = 0xa2;              //中断总开关
 104   1      
 105   1      
 106   1      
 107   1              while (1)
 108   1              {
 109   2              PWM_T=num1;
 110   2                      lif=0;          rig=1;
 111   2                      en=1;   
 112   2              if(num<10)
 113   2              {
 114   3                      a0=num;b0=16;c0=16;
 115   3              }
 116   2              else
C51 COMPILER V9.00   LCD_1602_液晶显示屏                                                   04/15/2016 19:03:42 PAGE 3   

 117   2              {
 118   3                      if(num<100)
 119   3                      {a0=num/10;b0=num%10;c0=16;}
 120   3                      else
 121   3                      {
 122   4                              if(num<1000)
 123   4                              {a0=num/100;b0=num%100/10;c0=num%10;}
 124   4                      }
 125   3              }
 126   2      
 127   2                      write_com(0x80);         //将第一个字符写在向右偏移17个字符处，为后面的由右向左划入做准备。
 128   2                      delay(20);
 129   2                      write_date('s');
 130   2                      write_date('p');
 131   2                      write_date('e');
 132   2                      write_date('e');
 133   2                      write_date('d');
 134   2                      write_date(61);
 135   2                      write_date(a0+48);
 136   2                      write_date(b0+48);
 137   2                      write_date(c0+48);
 138   2                      delay(20);              
 139   2                      
 140   2              
 141   2                      write_com(0xc0);
 142   2                      delay(20);
 143   2                      for(a=0;a<13;a++)
 144   2                      {
 145   3                      write_date(table2[a]);
 146   3                      delay(20);              
 147   3                      }
 148   2              }
 149   1              for(a=0;a<16;a++)
 150   1              {
 151   2                      write_com(0x18); //左移
 152   2                      delay1(600);
 153   2              }  
 154   1              
 155   1      } 
 156          void adc_isr() interrupt 5 using 1
 157          {
 158   1          ADC_CONTR &= !ADC_FLAG;        
 159   1              num=ADC_RES;
 160   1          
 161   1          //if (++ch > 0) 
 162   1              ch = 0;       //只选了  P1^0 通道 
 163   1          ADC_CONTR = ADC_POWER | ADC_SPEEDLL | ADC_START | ch;
 164   1      }
 165          
 166          timer0() interrupt 1  
 167          { 
 168   1          TH0=210;     //写入预置初值（取值1-255，数越大PWM频率越高）
 169   1              TL0=210;
 170   1                
 171   1               t++;    //每次定时器溢出加1
 172   1               if(num<180)
 173   1                {             
 174   2                              rig=0;
 175   2                              lif=1;
 176   2                       num1=num;
 177   2               
 178   2                               if(t==180)   //PWM周期 100个单位
C51 COMPILER V9.00   LCD_1602_液晶显示屏                                                   04/15/2016 19:03:42 PAGE 4   

 179   2                                         {
 180   3                                                t=0;  //使t=0，开始新的PWM周期
 181   3                                              }
 182   2                      
 183   2                               if(t<PWM_T)  //按照当前占空比切换输出为高电平
 184   2                                       {  
 185   3                                              en=0;        //  
 186   3                      }                }
 187   1                              else
 188   1                              en=1;  //输出端?
 189   1              if(num>=180&&num<=200)  
 190   1              { 
 191   2                      en = 0;
 192   2                      rig=0;
 193   2                              lif=0;
 194   2              }
 195   1              if(num>200)
 196   1              {
 197   2                         
 198   2                              lif=0;          rig=1;
 199   2                                num1=(num-200);
 200   2               
 201   2                               if(t==55)   //PWM周期 100个单位
 202   2                                       {
 203   3                                                t=0;  //使t=0，开始新的PWM周期
 204   3                                       }
 205   2                      
 206   2                               if(t<PWM_T)  //按照当前占空比切换输出为高电平
 207   2                                       {  
 208   3                                              en=1;          
 209   3                                       }
 210   2                              else
 211   2                              en=0;  //输出端
 212   2      
 213   2              
 214   2              }
 215   1      }


MODULE INFORMATION:   STATIC OVERLAYABLE
   CODE SIZE        =    491    ----
   CONSTANT SIZE    =   ----    ----
   XDATA SIZE       =   ----    ----
   PDATA SIZE       =   ----    ----
   DATA SIZE        =     25    ----
   IDATA SIZE       =   ----    ----
   BIT SIZE         =   ----    ----
END OF MODULE INFORMATION.


C51 COMPILATION COMPLETE.  0 WARNING(S),  0 ERROR(S)
