C51 COMPILER V9.00   1602ADC                                                               02/10/2016 13:28:07 PAGE 1   


C51 COMPILER V9.00, COMPILATION OF MODULE 1602ADC
OBJECT MODULE PLACED IN 1602ADC.OBJ
COMPILER INVOKED BY: F:\单片机\清翔电子 QX-MCS51资料盘\5.程序编译软件\C51\BIN\C51.EXE 1602ADC.c BROWSE DEBUG OBJECTEXTEN
                    -D

line level    source

   1          #include<stc12c5a.h>
   2          #include<1602ADC.h>
   3          #define uchar unsigned char
   4          #define uint unsigned int
   5          
   6          uchar xnum,ynum,num0; 
   7          uint PWM_T;                       
   8          unsigned char a0,b0,c0;
   9          
  10          void delay(uint x)
  11          {
  12   1              uint a,b;
  13   1              for(a=x;a>0;a--)
  14   1                      for(b=10;b>0;b--); 
  15   1      }
  16          void delay1(uint i)
  17          {       uint l,m;
  18   1              for(l=i;l>0;l--)
  19   1              for(m=125;m>0;m--);
  20   1      }
  21          
  22          void write_com(unsigned char com)
  23          {
  24   1              P0=com;
  25   1              rs=0;
  26   1              lcden=0;
  27   1              delay(10);
  28   1              lcden=1;
  29   1              delay(10);
  30   1              lcden=0;
  31   1              
  32   1      }
  33          
  34          void write_date(unsigned char date)
  35          {
  36   1              P0=date;
  37   1              rs=1;
  38   1              lcden=0;
  39   1              delay(10);
  40   1              lcden=1;
  41   1              delay(10);
  42   1              lcden=0;
  43   1              
  44   1      }
  45          
  46          void lcdinit()
  47          {       uchar ch;                                 
  48   1          rw=0;
  49   1              write_com(0x38);   //显示模式设置：16×2显示，5×7点阵，8位数据接口
  50   1              delay(20);
  51   1              write_com(0x0f);   //显示模式设置
  52   1              delay(20);
  53   1              write_com(0x06);   //显示模式设置：光标右移，字符不移
  54   1              delay(20);
C51 COMPILER V9.00   1602ADC                                                               02/10/2016 13:28:07 PAGE 2   

  55   1              write_com(0x01);   //清屏幕指令，将以前的显示内容清除
  56   1              delay(20);
  57   1      
  58   1              P1ASF = 0x03;   //      InitADC();            
  59   1          ADC_RES = 0;                
  60   1          ADC_CONTR = ADC_POWER | ADC_SPEEDLL | ADC_START | ch;
  61   1          delay1(2);   
  62   1              
  63   1      }
  64          
  65          void shuzi ()
  66          {
  67   1              num0 = ynum;
  68   1                      if (ynum>145)   num0 = ynum-145;
  69   1                      if (ynum>=110 && ynum<=145)     num0 = 0;
  70   1                      if (ynum<110) num0 = 110-ynum;
  71   1                      if(num0<10)
  72   1                      {
  73   2                              a0=num0;b0=16;c0=16;
  74   2                      }
  75   1                      else
  76   1                      {
  77   2                              if(num0<100)
  78   2                              {a0=num0/10;b0=num0%10;c0=16;}
  79   2                              else
  80   2                              {
  81   3                                      if(num0<1000)
  82   3                                      {a0=num0/100;b0=num0%100/10;c0=num0%10;}
  83   3                              }
  84   2                      }
  85   1      }
  86          
  87          void xianshi ()
  88          {               
  89   1                      unsigned char table2[]="  Thank you  ";
  90   1                      unsigned char a;
  91   1                      write_com(0x80);         //将第一个字符写在第一行第一个空
  92   1                      delay(20);
  93   1                      write_date('s');
  94   1                      write_date('p');
  95   1                      write_date('e');
  96   1                      write_date('e');
  97   1                      write_date('d');
  98   1                      write_date(61);
  99   1                      if (num0 >100)
 100   1                      {
 101   2                       write_date(a0+48);
 102   2                       write_date(b0+48);
 103   2                       write_date(c0+48);
 104   2                       delay(200);
 105   2                       
 106   2      
 107   2                      }
 108   1                      else
 109   1                      {write_date(31);
 110   2                       write_date(a0+48);
 111   2                       write_date(b0+48);
 112   2                       delay(200);
 113   2                      }               
 114   1                              
 115   1                      write_com(0xc0);
 116   1                      delay(20);
C51 COMPILER V9.00   1602ADC                                                               02/10/2016 13:28:07 PAGE 3   

 117   1                      for(a=0;a<13;a++)
 118   1                      {
 119   2                      write_date(table2[a]);
 120   2                      delay(200);             
 121   2                      }
 122   1      }
 123          
 124          uchar KeyScan() //带返回值的子函数 //矩阵键盘
 125          {
 126   1              uchar cord_l,cord_h;//声明列线和行线的值的储存变量
 127   1              P2 = 0x0f;//0000 1111
 128   1              if( (P2 & 0x0f) != 0x0f)//判断是否有按键按下
 129   1              {
 130   2                      delay1(5);//软件消抖
 131   2                      if( (P2 & 0x0f) != 0x0f)//判断是否有按键按下
 132   2                      {
 133   3                                cord_h = P2 & 0x0f;// 储存行线值
 134   3                                P2 = cord_l | 0xf0;
 135   3                                cord_l = P2 & 0xf0;// 储存列线值
 136   3                                while( (P2 & 0xf0) != 0xf0 );//松手检测
 137   3                                return (cord_l + cord_h);//返回键值码
 138   3                      }       
 139   2              }
 140   1              return (cord_l + cord_h);//返回键值码   
 141   1      }
 142          
 143          void deng ()
 144          {
 145   1              if (ynum>190) houdeng = 0;
 146   1              else houdeng = 1;
 147   1      
 148   1              if (xnum < 50)  youdeng = 0;
 149   1              else if (xnum > 190) zuodeng = 0;
 150   1                      else {zuodeng = 1; youdeng = 1;}        
 151   1      }


MODULE INFORMATION:   STATIC OVERLAYABLE
   CODE SIZE        =    516    ----
   CONSTANT SIZE    =     14    ----
   XDATA SIZE       =   ----    ----
   PDATA SIZE       =   ----    ----
   DATA SIZE        =      8      15
   IDATA SIZE       =   ----    ----
   BIT SIZE         =   ----    ----
END OF MODULE INFORMATION.


C51 COMPILATION COMPLETE.  0 WARNING(S),  0 ERROR(S)
