C51 COMPILER V9.00   _距程序                                                              03/27/2016 20:58:05 PAGE 1   


C51 COMPILER V9.00, COMPILATION OF MODULE _距程序
OBJECT MODULE PLACED IN 测距程序.OBJ
COMPILER INVOKED BY: E:\安装程序\kill\C51\BIN\C51.EXE 测距程序.C BROWSE DEBUG OBJECTEXTEND

line level    source

   1          /*********************************************************************************************************
             -**/
   2          //HC-SR04 超声波测距模块 DEMO 程序
   3          //晶振：11。0592
   4          //程序    QQ：  517535000
   5          //taobao店铺：http://shop58246706.taobao.com
   6          //接线：模块TRIG接 P1.2  ECH0 接P1.1
   7          //串口波特率9600
   8          /*********************************************************************************************************
             -**/          
   9                  #include   <AT89X51.H>
  10                  #include   <intrins.h>
  11              #include   <STDIO.H>
  12          
  13              #define uchar unsigned  char
  14              #define uint  unsigned   int  
  15                  #define  RX  P1_1
  16              #define  TX  P1_2
  17            
  18          
  19                  unsigned int  time=0;
  20                  unsigned int  timer=0;
  21                  float         S=0;
  22              bit           flag =0;
  23                  
  24          
  25          
  26              void Conut(void)
  27                  {
  28   1               time=TH0*256+TL0;
  29   1               TH0=0;
  30   1               TL0=0;
  31   1               S=(time*1.87)/100;     //算出来是CM
  32   1               if(flag==1)                //超出测量
  33   1               {
  34   2                flag=0;
  35   2                printf("-----\n"); 
  36   2               }
  37   1      
  38   1                printf("S=%f\n",S); 
  39   1              }
  40          /********************************************************/ 
  41          
  42          /********************************************************/
  43               void zd0() interrupt 1              //T0中断用来计数器溢出,超过测距范围
  44            {
  45   1          flag=1;                                                      //中断溢出标志
  46   1        }
  47          /********************************************************/
  48             void  StartModule()                   //T1中断用来扫描数码管和计800MS启动模块
  49            {
  50   1                TX=1;                                  //800MS  启动一次模块
  51   1                _nop_(); 
  52   1                _nop_(); 
  53   1                _nop_(); 
C51 COMPILER V9.00   _距程序                                                              03/27/2016 20:58:05 PAGE 2   

  54   1                _nop_(); 
  55   1                _nop_(); 
  56   1                _nop_(); 
  57   1                _nop_(); 
  58   1                _nop_(); 
  59   1                _nop_(); 
  60   1                _nop_(); 
  61   1                _nop_(); 
  62   1                _nop_(); 
  63   1                _nop_(); 
  64   1                _nop_(); 
  65   1                _nop_(); 
  66   1                _nop_(); 
  67   1                _nop_();
  68   1                _nop_(); 
  69   1                _nop_(); 
  70   1                _nop_(); 
  71   1                _nop_();
  72   1                TX=0;
  73   1        }
  74          /********************************************************/
  75          void main(void)
  76          {  
  77   1          TMOD=0x21;             //设T0为方式1，GATE=1；
  78   1              SCON=0x50;
  79   1              TH1=0xFD;
  80   1              TL1=0xFD;
  81   1              TH0=0;
  82   1              TL0=0; 
  83   1              TR0=1;  
  84   1              ET0=1;             //允许T0中断
  85   1              TR1=1;                     //开启定时器
  86   1              TI=1;
  87   1      
  88   1              EA=1;                      //开启总中断
  89   1      
  90   1      
  91   1              while(1)
  92   1              {
  93   2               StartModule();
  94   2               while(!RX);            //当RX为零时等待
  95   2               TR0=1;                     //开启计数
  96   2               while(RX);                     //当RX为1计数并等待
  97   2               TR0=0;                         //关闭计数
  98   2           Conut();                   //计算
  99   2               delayms(100);          //100MS
*** WARNING C206 IN LINE 99 OF 测距程序.C: 'delayms': missing function-prototype
*** ERROR C267 IN LINE 99 OF 测距程序.C: 'delayms': requires ANSI-style prototype
 100   2      
 101   2              }
 102   1      
 103   1      }              

C51 COMPILATION COMPLETE.  1 WARNING(S),  1 ERROR(S)
